<?xml version="1.0" encoding="UTF-8"?>
<testng-results skipped="0" failed="0" ignored="0" total="2" passed="2">
  <reporter-output>
  </reporter-output>
  <suite name="Default suite" duration-ms="46318" started-at="2020-01-05T11:39:37 IST" finished-at="2020-01-05T11:40:23 IST">
    <groups>
    </groups>
    <test name="Default test" duration-ms="46318" started-at="2020-01-05T11:39:37 IST" finished-at="2020-01-05T11:40:23 IST">
      <class name="testcases.TC005_DuplicateLead">
        <test-method status="PASS" signature="setData()[pri:0, instance:testcases.TC005_DuplicateLead@709393]" name="setData" is-config="true" duration-ms="17" started-at="2020-01-05T11:39:37 IST" finished-at="2020-01-05T11:39:37 IST">
          <reporter-output>
          </reporter-output>
        </test-method> <!-- setData -->
        <test-method status="PASS" signature="login()[pri:0, instance:testcases.TC005_DuplicateLead@709393]" name="login" is-config="true" duration-ms="4627" started-at="2020-01-05T11:39:38 IST" finished-at="2020-01-05T11:39:42 IST">
          <reporter-output>
          </reporter-output>
        </test-method> <!-- login -->
        <test-method status="PASS" signature="tc002_duplicateLead(java.lang.String, java.lang.String, java.lang.String)[pri:0, instance:testcases.TC005_DuplicateLead@709393]" name="tc002_duplicateLead" duration-ms="14111" started-at="2020-01-05T11:39:42 IST" data-provider="getData" finished-at="2020-01-05T11:39:56 IST">
          <params>
            <param index="0">
              <value>
                <![CDATA[Infi]]>
              </value>
            </param>
            <param index="1">
              <value>
                <![CDATA[Hari]]>
              </value>
            </param>
            <param index="2">
              <value>
                <![CDATA[S]]>
              </value>
            </param>
          </params>
          <reporter-output>
          </reporter-output>
        </test-method> <!-- tc002_duplicateLead -->
        <test-method status="PASS" signature="logout()[pri:0, instance:testcases.TC005_DuplicateLead@709393]" name="logout" is-config="true" duration-ms="5158" started-at="2020-01-05T11:39:56 IST" finished-at="2020-01-05T11:40:02 IST">
          <reporter-output>
          </reporter-output>
        </test-method> <!-- logout -->
        <test-method status="PASS" signature="login()[pri:0, instance:testcases.TC005_DuplicateLead@709393]" name="login" is-config="true" duration-ms="3870" started-at="2020-01-05T11:40:02 IST" finished-at="2020-01-05T11:40:05 IST">
          <reporter-output>
          </reporter-output>
        </test-method> <!-- login -->
        <test-method status="PASS" signature="tc002_duplicateLead(java.lang.String, java.lang.String, java.lang.String)[pri:0, instance:testcases.TC005_DuplicateLead@709393]" name="tc002_duplicateLead" duration-ms="12777" started-at="2020-01-05T11:40:05 IST" data-provider="getData" finished-at="2020-01-05T11:40:18 IST">
          <params>
            <param index="0">
              <value>
                <![CDATA[Vertusa]]>
              </value>
            </param>
            <param index="1">
              <value>
                <![CDATA[Sudhar]]>
              </value>
            </param>
            <param index="2">
              <value>
                <![CDATA[A]]>
              </value>
            </param>
          </params>
          <reporter-output>
          </reporter-output>
        </test-method> <!-- tc002_duplicateLead -->
        <test-method status="PASS" signature="logout()[pri:0, instance:testcases.TC005_DuplicateLead@709393]" name="logout" is-config="true" duration-ms="5147" started-at="2020-01-05T11:40:18 IST" finished-at="2020-01-05T11:40:23 IST">
          <reporter-output>
          </reporter-output>
        </test-method> <!-- logout -->
      </class> <!-- testcases.TC005_DuplicateLead -->
    </test> <!-- Default test -->
  </suite> <!-- Default suite -->
</testng-results>
